Build started 5/30/2018 10:31:57 AM.
     1>Project "C:\USBBridge\ClientSocket\ClientSocket\ClientSocket.vcxproj" on node 2 (build target(s)).
     1>InitializeBuildStatus:
         Creating "Debug\ClientSocket.unsuccessfulbuild" because "AlwaysCreate" was specified.
       ClCompile:
         C:\Program Files (x86)\Microsoft Visual Studio 10.0\VC\bin\CL.exe /c /ZI /nologo /W3 /WX- /Od /Oy- /D WIN32 /D _DEBUG /D _CONSOLE /D _UNICODE /D UNICODE /Gm /EHsc /RTC1 /MDd /GS /fp:precise /Zc:wchar_t /Zc:forScope /Fo"Debug\\" /Fd"Debug\vc100.pdb" /Gd /TP /analyze- /errorReport:prompt EasyClient.cpp
         EasyClient.cpp
     1>c:\usbbridge\clientsocket\clientsocket\easyclient.cpp(393): warning C4244: 'initializing' : conversion from 'uint64_t' to 'size_t', possible loss of data
                 c:\usbbridge\clientsocket\clientsocket\easyclient.cpp(312) : see reference to function template instantiation 'void `anonymous-namespace'::_RealWebSocket::sendData<std::_String_iterator<_Elem,_Traits,_Alloc>>(`anonymous-namespace'::_RealWebSocket::wsheader_type::opcode_type,uint64_t,Iterator,Iterator)' being compiled
                 with
                 [
                     _Elem=char,
                     _Traits=std::char_traits<char>,
                     _Alloc=std::allocator<char>,
                     Iterator=std::_String_iterator<char,std::char_traits<char>,std::allocator<char>>
                 ]
     1>c:\usbbridge\clientsocket\clientsocket\easyclient.cpp(393): warning C4244: 'initializing' : conversion from 'uint64_t' to 'size_t', possible loss of data
                 c:\usbbridge\clientsocket\clientsocket\easyclient.cpp(328) : see reference to function template instantiation 'void `anonymous-namespace'::_RealWebSocket::sendData<std::_String_const_iterator<_Elem,_Traits,_Alloc>>(`anonymous-namespace'::_RealWebSocket::wsheader_type::opcode_type,uint64_t,Iterator,Iterator)' being compiled
                 with
                 [
                     _Elem=char,
                     _Traits=std::char_traits<char>,
                     _Alloc=std::allocator<char>,
                     Iterator=std::_String_const_iterator<char,std::char_traits<char>,std::allocator<char>>
                 ]
     1>c:\usbbridge\clientsocket\clientsocket\easyclient.cpp(393): warning C4244: 'initializing' : conversion from 'uint64_t' to 'size_t', possible loss of data
                 c:\usbbridge\clientsocket\clientsocket\easyclient.cpp(336) : see reference to function template instantiation 'void `anonymous-namespace'::_RealWebSocket::sendData<std::_Vector_const_iterator<_Myvec>>(`anonymous-namespace'::_RealWebSocket::wsheader_type::opcode_type,uint64_t,Iterator,Iterator)' being compiled
                 with
                 [
                     _Myvec=std::_Vector_val<uint8_t,std::allocator<uint8_t>>,
                     Iterator=std::_Vector_const_iterator<std::_Vector_val<uint8_t,std::allocator<uint8_t>>>
                 ]
       ManifestResourceCompile:
         All outputs are up-to-date.
       Link:
         C:\Program Files (x86)\Microsoft Visual Studio 10.0\VC\bin\link.exe /ERRORREPORT:PROMPT /OUT:"C:\USBBridge\ClientSocket\Debug\ClientSocket.exe" /INCREMENTAL /NOLOGO kernel32.lib user32.lib gdi32.lib winspool.lib comdlg32.lib advapi32.lib shell32.lib ole32.lib oleaut32.lib uuid.lib odbc32.lib odbccp32.lib /MANIFEST /ManifestFile:"Debug\ClientSocket.exe.intermediate.manifest" /MANIFESTUAC:"level='asInvoker' uiAccess='false'" /DEBUG /PDB:"C:\USBBridge\ClientSocket\Debug\ClientSocket.pdb" /SUBSYSTEM:CONSOLE /TLBID:1 /DYNAMICBASE /NXCOMPAT /IMPLIB:"C:\USBBridge\ClientSocket\Debug\ClientSocket.lib" /MACHINE:X86 Debug\ClientSocket.exe.embed.manifest.res
         Debug\Client.obj
         Debug\EasyClient.obj
       Manifest:
         C:\Program Files (x86)\Microsoft SDKs\Windows\v7.0A\bin\mt.exe /nologo /verbose /out:"Debug\ClientSocket.exe.embed.manifest" /manifest Debug\ClientSocket.exe.intermediate.manifest
         All outputs are up-to-date.
       LinkEmbedManifest:
         All outputs are up-to-date.
         ClientSocket.vcxproj -> C:\USBBridge\ClientSocket\Debug\ClientSocket.exe
       FinalizeBuildStatus:
         Deleting file "Debug\ClientSocket.unsuccessfulbuild".
         Touching "Debug\ClientSocket.lastbuildstate".
     1>Done Building Project "C:\USBBridge\ClientSocket\ClientSocket\ClientSocket.vcxproj" (build target(s)).

Build succeeded.

Time Elapsed 00:00:02.83
